2024-12-08 18:21:50,518 - INFO - ARIMA model loaded successfully.
2024-12-08 18:21:50,519 - INFO - Starting Flask app.
2024-12-08 18:21:50,598 - INFO - [31m[1mWARNING: This is a development server. Do not use it in a production deployment. Use a production WSGI server instead.[0m
 * Running on http://127.0.0.1:5000
2024-12-08 18:21:50,599 - INFO - [33mPress CTRL+C to quit[0m
2024-12-08 18:21:50,603 - INFO -  * Restarting with stat
2024-12-08 18:21:52,092 - INFO - ARIMA model loaded successfully.
2024-12-08 18:21:52,094 - INFO - Starting Flask app.
2024-12-08 18:21:52,101 - WARNING -  * Debugger is active!
2024-12-08 18:21:52,105 - INFO -  * Debugger PIN: 362-714-890
2024-12-08 18:22:05,114 - INFO - 127.0.0.1 - - [08/Dec/2024 18:22:05] "[33mGET / HTTP/1.1[0m" 404 -
2024-12-08 18:22:42,366 - INFO - Processing /api/forecast request.
2024-12-08 18:22:42,821 - INFO - Fetched 365 records from MongoDB.
2024-12-08 18:22:42,839 - INFO - Data scaled successfully.
2024-12-08 18:22:42,847 - INFO - Forecasting completed successfully.
2024-12-08 18:22:43,802 - INFO - Forecast plot saved successfully.
2024-12-08 18:22:43,808 - INFO - 127.0.0.1 - - [08/Dec/2024 18:22:43] "GET /api/forecast HTTP/1.1" 200 -
2024-12-08 18:25:18,328 - INFO -  * Detected change in 'C:\\Users\\hp\\Documents\\projects\\ENDTOEND\\app1.py', reloading
2024-12-08 18:26:14,455 - INFO - ARIMA model loaded successfully.
2024-12-08 18:26:14,456 - INFO - Starting Flask app.
2024-12-08 18:26:14,498 - INFO - [31m[1mWARNING: This is a development server. Do not use it in a production deployment. Use a production WSGI server instead.[0m
 * Running on http://127.0.0.1:5000
2024-12-08 18:26:14,499 - INFO - [33mPress CTRL+C to quit[0m
2024-12-08 18:26:14,501 - INFO -  * Restarting with stat
2024-12-08 18:26:16,026 - INFO - ARIMA model loaded successfully.
2024-12-08 18:26:16,026 - INFO - Starting Flask app.
2024-12-08 18:26:16,031 - WARNING -  * Debugger is active!
2024-12-08 18:26:16,035 - INFO -  * Debugger PIN: 362-714-890
2024-12-08 18:26:22,963 - INFO - 127.0.0.1 - - [08/Dec/2024 18:26:22] "[33mGET / HTTP/1.1[0m" 404 -
2024-12-08 18:26:27,420 - INFO - Received /api/forecast request from IP: 127.0.0.1
2024-12-08 18:26:29,272 - INFO - Fetched 365 records from MongoDB.
2024-12-08 18:26:29,276 - INFO - WQI values: [75.9, 88.9, 89.5, 61.1, 66.2, 71.2, 52.2, 54.2, 69.4, 52.8, 76.7, 83.4, 55.6, 77.9, 74.4, 55.5, 84.1, 83.0, 79.5, 77.2, 77.0, 74.3, 57.8, 84.1, 86.7, 75.7, 61.9, 63.6, 71.5, 65.1, 81.0, 90.3, 72.7, 81.2, 81.9, 59.7, 82.2, 80.4, 86.9, 63.8, 89.8, 61.7, 59.9, 83.8, 60.4, 60.5, 86.4, 79.8, 73.1, 81.4, 63.8, 63.0, 65.1, 70.1, 70.3, 73.8, 73.7, 59.8, 70.3, 57.8, 67.6, 79.6, 75.8, 62.2, 71.4, 56.1, 85.1, 80.3, 58.3, 68.3, 71.0, 54.5, 81.5, 89.0, 68.3, 60.2, 72.6, 65.3, 76.0, 76.1, 80.5, 77.6, 85.8, 62.7, 60.7, 71.3, 78.5, 69.1, 71.6, 72.2, 62.7, 54.8, 81.5, 67.2, 60.7, 71.1, 75.1, 82.4, 72.0, 94.7, 61.5, 59.0, 70.6, 60.0, 93.4, 56.7, 92.4, 72.5, 86.9, 74.4, 76.8, 59.1, 74.4, 86.8, 61.8, 78.5, 76.9, 76.5, 71.4, 71.7, 86.5, 70.3, 63.2, 78.9, 86.3, 61.5, 81.0, 70.3, 57.2, 71.8, 65.9, 78.3, 68.9, 75.3, 87.3, 70.5, 78.3, 73.4, 89.0, 72.2, 68.2, 74.9, 81.6, 74.7, 82.7, 66.7, 65.0, 77.9, 72.3, 55.9, 58.3, 77.9, 87.9, 74.2, 61.2, 68.0, 70.8, 91.7, 87.4, 76.7, 73.5, 75.9, 66.6, 72.2, 80.2, 84.5, 78.6, 87.2, 72.9, 87.9, 91.8, 81.4, 66.3, 70.5, 69.3, 78.2, 67.0, 60.8, 86.3, 76.8, 78.7, 68.8, 67.4, 81.8, 80.7, 72.0, 77.1, 70.9, 84.1, 84.3, 68.9, 74.2, 63.2, 88.0, 85.6, 77.7, 73.5, 64.0, 57.8, 62.7, 80.1, 76.2, 77.4, 81.1, 63.9, 82.8, 68.3, 78.1, 73.5, 78.2, 75.7, 61.1, 77.2, 75.0, 59.8, 78.4, 74.8, 70.1, 60.7, 77.9, 64.4, 62.5, 58.1, 71.0, 74.8, 70.2, 84.9, 55.4, 74.0, 72.1, 74.0, 84.4, 58.5, 62.9, 61.8, 64.2, 62.8, 70.8, 53.7, 55.3, 69.1, 70.3, 65.6, 81.3, 85.2, 66.6, 81.7, 66.2, 59.6, 77.6, 84.8, 65.1, 68.7, 68.2, 88.3, 59.2, 64.3, 72.2, 67.4, 75.1, 61.1, 63.6, 80.2, 67.3, 65.5, 67.7, 86.7, 69.3, 68.9, 59.7, 78.5, 70.4, 56.7, 73.8, 74.6, 51.8, 75.4, 57.3, 68.5, 70.6, 73.8, 74.0, 74.9, 80.7, 70.9, 68.3, 75.1, 66.1, 82.1, 65.8, 67.7, 61.9, 75.5, 64.4, 73.6, 76.4, 92.3, 81.2, 66.3, 65.7, 55.5, 69.1, 69.5, 61.5, 61.6, 72.1, 89.7, 72.3, 66.7, 67.4, 86.3, 55.6, 64.2, 83.0, 72.4, 87.4, 74.7, 67.6, 84.9, 80.3, 63.7, 85.6, 73.6, 79.6, 53.9, 72.9, 70.4, 83.5, 75.5, 54.0, 64.4, 76.0, 64.8, 62.6, 65.7, 74.3, 61.3, 67.7, 61.1, 69.9, 94.5, 72.1, 74.0, 71.0, 71.3, 70.3, 84.4, 68.7, 71.3, 59.5, 89.3, 75.1, 77.9, 53.1, 72.6, 84.8, 63.5, 53.7, 74.9, 84.0, 70.1, 60.7, 77.0, 73.2, 60.9]
2024-12-08 18:26:29,299 - INFO - Data scaled successfully.
2024-12-08 18:26:29,307 - INFO - Forecasting completed successfully.
2024-12-08 18:26:30,037 - INFO - Forecast plot saved successfully.
2024-12-08 18:26:30,042 - INFO - Forecast results: [{'Date': Timestamp('2024-01-01 00:00:00'), 'Forecast_WQI': 50.027062061075334}, {'Date': Timestamp('2024-01-02 00:00:00'), 'Forecast_WQI': 49.628394661455026}, {'Date': Timestamp('2024-01-03 00:00:00'), 'Forecast_WQI': 49.60744933867988}, {'Date': Timestamp('2024-01-04 00:00:00'), 'Forecast_WQI': 49.60634890622271}, {'Date': Timestamp('2024-01-05 00:00:00'), 'Forecast_WQI': 49.60629109132982}, {'Date': Timestamp('2024-01-06 00:00:00'), 'Forecast_WQI': 49.60628805383141}, {'Date': Timestamp('2024-01-07 00:00:00'), 'Forecast_WQI': 49.60628789424629}]
2024-12-08 18:26:30,047 - INFO - 127.0.0.1 - - [08/Dec/2024 18:26:30] "GET /api/forecast HTTP/1.1" 200 -
2024-12-08 19:24:38,930 - INFO -  * Detected change in 'C:\\Users\\hp\\Documents\\projects\\ENDTOEND\\app.py', reloading
